[35m[1mConsolidate compiler generated dependencies of target li_battery_diagnostic_module[0m
[ 16%] [32mBuilding CXX object CMakeFiles/li_battery_diagnostic_module.dir/src/diagnostic_algorithm/battery_module.cpp.o[0m
[ 33%] [32mBuilding CXX object CMakeFiles/li_battery_diagnostic_module.dir/src/diagnostic_algorithm/cell_voltage_analysis.cpp.o[0m
[ 50%] [32mBuilding CXX object CMakeFiles/li_battery_diagnostic_module.dir/src/battery_diagnostic_core.cpp.o[0m
[ 66%] [32m[1mLinking CXX shared library libli_battery_diagnostic_module.so[0m
[ 66%] Built target li_battery_diagnostic_module
[35m[1mConsolidate compiler generated dependencies of target battery_diagnostic_node[0m
[ 83%] [32mBuilding CXX object CMakeFiles/battery_diagnostic_node.dir/src/battery_diagnostic_core.cpp.o[0m
[100%] [32m[1mLinking CXX executable battery_diagnostic_node[0m
[100%] Built target battery_diagnostic_node
-- Install configuration: ""
-- Execute custom install script
-- Symlinking: /root/li_battery_ws/install/li_battery_diagnostic_module/lib/li_battery_diagnostic_module/battery_diagnostic_node
-- Symlinking: /root/li_battery_ws/install/li_battery_diagnostic_module/share/li_battery_diagnostic_module/launch/battery_diagnostic.launch.xml
-- Symlinking: /root/li_battery_ws/install/li_battery_diagnostic_module/share/li_battery_diagnostic_module/config/battery_diagnostic.param.yaml
-- Symlinking: /root/li_battery_ws/install/li_battery_diagnostic_module/share/ament_index/resource_index/package_run_dependencies/li_battery_diagnostic_module
-- Symlinking: /root/li_battery_ws/install/li_battery_diagnostic_module/share/ament_index/resource_index/parent_prefix_path/li_battery_diagnostic_module
-- Symlinking: /root/li_battery_ws/install/li_battery_diagnostic_module/share/li_battery_diagnostic_module/environment/ament_prefix_path.sh
-- Symlinking: /root/li_battery_ws/install/li_battery_diagnostic_module/share/li_battery_diagnostic_module/environment/ament_prefix_path.dsv
-- Symlinking: /root/li_battery_ws/install/li_battery_diagnostic_module/share/li_battery_diagnostic_module/environment/path.sh
-- Symlinking: /root/li_battery_ws/install/li_battery_diagnostic_module/share/li_battery_diagnostic_module/environment/path.dsv
-- Symlinking: /root/li_battery_ws/install/li_battery_diagnostic_module/share/li_battery_diagnostic_module/local_setup.bash
-- Symlinking: /root/li_battery_ws/install/li_battery_diagnostic_module/share/li_battery_diagnostic_module/local_setup.sh
-- Symlinking: /root/li_battery_ws/install/li_battery_diagnostic_module/share/li_battery_diagnostic_module/local_setup.zsh
-- Symlinking: /root/li_battery_ws/install/li_battery_diagnostic_module/share/li_battery_diagnostic_module/local_setup.dsv
-- Symlinking: /root/li_battery_ws/install/li_battery_diagnostic_module/share/li_battery_diagnostic_module/package.dsv
-- Symlinking: /root/li_battery_ws/install/li_battery_diagnostic_module/share/ament_index/resource_index/packages/li_battery_diagnostic_module
-- Symlinking: /root/li_battery_ws/install/li_battery_diagnostic_module/share/li_battery_diagnostic_module/cmake/li_battery_diagnostic_moduleConfig.cmake
-- Symlinking: /root/li_battery_ws/install/li_battery_diagnostic_module/share/li_battery_diagnostic_module/cmake/li_battery_diagnostic_moduleConfig-version.cmake
-- Symlinking: /root/li_battery_ws/install/li_battery_diagnostic_module/share/li_battery_diagnostic_module/package.xml
