[1.014s] DEBUG:colcon:Command line arguments: ['/usr/bin/colcon', 'build', '--symlink-install']
[1.014s] DEBUG:colcon:Parsed command line arguments: Namespace(log_base=None, log_level=None, verb_name='build', build_base='build', install_base='install', merge_install=False, symlink_install=True, test_result_base=None, continue_on_error=False, executor='parallel', parallel_workers=8, event_handlers=None, ignore_user_meta=False, metas=['./colcon.meta'], base_paths=['.'], packages_ignore=None, packages_ignore_regex=None, paths=None, packages_up_to=None, packages_up_to_regex=None, packages_above=None, packages_above_and_dependencies=None, packages_above_depth=None, packages_select_by_dep=None, packages_skip_by_dep=None, packages_skip_up_to=None, packages_select_build_failed=False, packages_skip_build_finished=False, packages_select_test_failures=False, packages_skip_test_passed=False, packages_select=None, packages_skip=None, packages_select_regex=None, packages_skip_regex=None, packages_start=None, packages_end=None, allow_overriding=[], cmake_args=None, cmake_target=None, cmake_target_skip_unavailable=False, cmake_clean_cache=False, cmake_clean_first=False, cmake_force_configure=False, ament_cmake_args=None, catkin_cmake_args=None, catkin_skip_building_tests=False, verb_parser=<colcon_defaults.argument_parser.defaults.DefaultArgumentsDecorator object at 0x7f3956d6b8e0>, verb_extension=<colcon_core.verb.build.BuildVerb object at 0x7f3957036da0>, main=<bound method BuildVerb.main of <colcon_core.verb.build.BuildVerb object at 0x7f3957036da0>>)
[1.073s] Level 1:colcon.colcon_core.package_discovery:discover_packages(colcon_meta) check parameters
[1.073s] Level 1:colcon.colcon_core.package_discovery:discover_packages(recursive) check parameters
[1.073s] Level 1:colcon.colcon_core.package_discovery:discover_packages(ignore) check parameters
[1.073s] Level 1:colcon.colcon_core.package_discovery:discover_packages(path) check parameters
[1.073s] Level 1:colcon.colcon_core.package_discovery:discover_packages(colcon_meta) discover
[1.074s] Level 1:colcon.colcon_core.package_discovery:discover_packages(recursive) discover
[1.074s] INFO:colcon.colcon_core.package_discovery:Crawling recursively for packages in '/root/li_battery_ws'
[1.074s] Level 1:colcon.colcon_core.package_identification:_identify(.) by extensions ['ignore', 'ignore_ament_install']
[1.074s] Level 1:colcon.colcon_core.package_identification:_identify(.) by extension 'ignore'
[1.074s] Level 1:colcon.colcon_core.package_identification:_identify(.) by extension 'ignore_ament_install'
[1.074s] Level 1:colcon.colcon_core.package_identification:_identify(.) by extensions ['colcon_pkg']
[1.074s] Level 1:colcon.colcon_core.package_identification:_identify(.) by extension 'colcon_pkg'
[1.074s] Level 1:colcon.colcon_core.package_identification:_identify(.) by extensions ['colcon_meta']
[1.074s] Level 1:colcon.colcon_core.package_identification:_identify(.) by extension 'colcon_meta'
[1.074s] Level 1:colcon.colcon_core.package_identification:_identify(.) by extensions ['ros']
[1.074s] Level 1:colcon.colcon_core.package_identification:_identify(.) by extension 'ros'
[1.086s] Level 1:colcon.colcon_core.package_identification:_identify(.) by extensions ['cmake', 'python']
[1.086s] Level 1:colcon.colcon_core.package_identification:_identify(.) by extension 'cmake'
[1.086s] Level 1:colcon.colcon_core.package_identification:_identify(.) by extension 'python'
[1.086s] Level 1:colcon.colcon_core.package_identification:_identify(.) by extensions ['python_setup_py']
[1.086s] Level 1:colcon.colcon_core.package_identification:_identify(.) by extension 'python_setup_py'
[1.086s] Level 1:colcon.colcon_core.package_identification:_identify(build) by extensions ['ignore', 'ignore_ament_install']
[1.086s] Level 1:colcon.colcon_core.package_identification:_identify(build) by extension 'ignore'
[1.086s] Level 1:colcon.colcon_core.package_identification:_identify(build) ignored
[1.086s] Level 1:colcon.colcon_core.package_identification:_identify(install) by extensions ['ignore', 'ignore_ament_install']
[1.087s] Level 1:colcon.colcon_core.package_identification:_identify(install) by extension 'ignore'
[1.087s] Level 1:colcon.colcon_core.package_identification:_identify(install) ignored
[1.087s] Level 1:colcon.colcon_core.package_identification:_identify(log) by extensions ['ignore', 'ignore_ament_install']
[1.087s] Level 1:colcon.colcon_core.package_identification:_identify(log) by extension 'ignore'
[1.087s] Level 1:colcon.colcon_core.package_identification:_identify(log) ignored
[1.087s] Level 1:colcon.colcon_core.package_identification:_identify(src) by extensions ['ignore', 'ignore_ament_install']
[1.087s] Level 1:colcon.colcon_core.package_identification:_identify(src) by extension 'ignore'
[1.087s] Level 1:colcon.colcon_core.package_identification:_identify(src) by extension 'ignore_ament_install'
[1.087s] Level 1:colcon.colcon_core.package_identification:_identify(src) by extensions ['colcon_pkg']
[1.087s] Level 1:colcon.colcon_core.package_identification:_identify(src) by extension 'colcon_pkg'
[1.087s] Level 1:colcon.colcon_core.package_identification:_identify(src) by extensions ['colcon_meta']
[1.087s] Level 1:colcon.colcon_core.package_identification:_identify(src) by extension 'colcon_meta'
[1.087s] Level 1:colcon.colcon_core.package_identification:_identify(src) by extensions ['ros']
[1.087s] Level 1:colcon.colcon_core.package_identification:_identify(src) by extension 'ros'
[1.087s] Level 1:colcon.colcon_core.package_identification:_identify(src) by extensions ['cmake', 'python']
[1.087s] Level 1:colcon.colcon_core.package_identification:_identify(src) by extension 'cmake'
[1.087s] Level 1:colcon.colcon_core.package_identification:_identify(src) by extension 'python'
[1.087s] Level 1:colcon.colcon_core.package_identification:_identify(src) by extensions ['python_setup_py']
[1.088s] Level 1:colcon.colcon_core.package_identification:_identify(src) by extension 'python_setup_py'
[1.088s] Level 1:colcon.colcon_core.package_identification:_identify(src/Li_Battery_Diagnostic_Module) by extensions ['ignore', 'ignore_ament_install']
[1.088s] Level 1:colcon.colcon_core.package_identification:_identify(src/Li_Battery_Diagnostic_Module) by extension 'ignore'
[1.088s] Level 1:colcon.colcon_core.package_identification:_identify(src/Li_Battery_Diagnostic_Module) by extension 'ignore_ament_install'
[1.088s] Level 1:colcon.colcon_core.package_identification:_identify(src/Li_Battery_Diagnostic_Module) by extensions ['colcon_pkg']
[1.088s] Level 1:colcon.colcon_core.package_identification:_identify(src/Li_Battery_Diagnostic_Module) by extension 'colcon_pkg'
[1.088s] Level 1:colcon.colcon_core.package_identification:_identify(src/Li_Battery_Diagnostic_Module) by extensions ['colcon_meta']
[1.088s] Level 1:colcon.colcon_core.package_identification:_identify(src/Li_Battery_Diagnostic_Module) by extension 'colcon_meta'
[1.088s] Level 1:colcon.colcon_core.package_identification:_identify(src/Li_Battery_Diagnostic_Module) by extensions ['ros']
[1.088s] Level 1:colcon.colcon_core.package_identification:_identify(src/Li_Battery_Diagnostic_Module) by extension 'ros'
[1.091s] DEBUG:colcon.colcon_core.package_identification:Package 'src/Li_Battery_Diagnostic_Module' with type 'ros.ament_cmake' and name 'li_battery_diagnostic_module'
[1.091s] Level 1:colcon.colcon_core.package_discovery:discover_packages(recursive) using defaults
[1.091s] Level 1:colcon.colcon_core.package_discovery:discover_packages(ignore) discover
[1.091s] Level 1:colcon.colcon_core.package_discovery:discover_packages(ignore) using defaults
[1.091s] Level 1:colcon.colcon_core.package_discovery:discover_packages(path) discover
[1.091s] Level 1:colcon.colcon_core.package_discovery:discover_packages(path) using defaults
[1.175s] Level 1:colcon.colcon_core.package_discovery:discover_packages(prefix_path) check parameters
[1.175s] Level 1:colcon.colcon_core.package_discovery:discover_packages(prefix_path) discover
[1.201s] DEBUG:colcon.colcon_installed_package_information.package_discovery:Found 1 installed packages in /root/li_battery_ws/install
[1.215s] DEBUG:colcon.colcon_installed_package_information.package_discovery:Found 270 installed packages in /opt/ros/humble
[1.216s] Level 1:colcon.colcon_core.package_discovery:discover_packages(prefix_path) using defaults
[1.298s] Level 5:colcon.colcon_core.verb:set package 'li_battery_diagnostic_module' build argument 'cmake_args' from command line to 'None'
[1.298s] Level 5:colcon.colcon_core.verb:set package 'li_battery_diagnostic_module' build argument 'cmake_target' from command line to 'None'
[1.298s] Level 5:colcon.colcon_core.verb:set package 'li_battery_diagnostic_module' build argument 'cmake_target_skip_unavailable' from command line to 'False'
[1.298s] Level 5:colcon.colcon_core.verb:set package 'li_battery_diagnostic_module' build argument 'cmake_clean_cache' from command line to 'False'
[1.298s] Level 5:colcon.colcon_core.verb:set package 'li_battery_diagnostic_module' build argument 'cmake_clean_first' from command line to 'False'
[1.298s] Level 5:colcon.colcon_core.verb:set package 'li_battery_diagnostic_module' build argument 'cmake_force_configure' from command line to 'False'
[1.298s] Level 5:colcon.colcon_core.verb:set package 'li_battery_diagnostic_module' build argument 'ament_cmake_args' from command line to 'None'
[1.298s] Level 5:colcon.colcon_core.verb:set package 'li_battery_diagnostic_module' build argument 'catkin_cmake_args' from command line to 'None'
[1.298s] Level 5:colcon.colcon_core.verb:set package 'li_battery_diagnostic_module' build argument 'catkin_skip_building_tests' from command line to 'False'
[1.298s] DEBUG:colcon.colcon_core.verb:Building package 'li_battery_diagnostic_module' with the following arguments: {'ament_cmake_args': None, 'build_base': '/root/li_battery_ws/build/li_battery_diagnostic_module', 'catkin_cmake_args': None, 'catkin_skip_building_tests': False, 'cmake_args': None, 'cmake_clean_cache': False, 'cmake_clean_first': False, 'cmake_force_configure': False, 'cmake_target': None, 'cmake_target_skip_unavailable': False, 'install_base': '/root/li_battery_ws/install/li_battery_diagnostic_module', 'merge_install': False, 'path': '/root/li_battery_ws/src/Li_Battery_Diagnostic_Module', 'symlink_install': True, 'test_result_base': None}
[1.310s] INFO:colcon.colcon_core.executor:Executing jobs using 'parallel' executor
[1.323s] DEBUG:colcon.colcon_parallel_executor.executor.parallel:run_until_complete
[1.323s] INFO:colcon.colcon_ros.task.ament_cmake.build:Building ROS package in '/root/li_battery_ws/src/Li_Battery_Diagnostic_Module' with build type 'ament_cmake'
[1.323s] INFO:colcon.colcon_cmake.task.cmake.build:Building CMake package in '/root/li_battery_ws/src/Li_Battery_Diagnostic_Module'
[1.340s] INFO:colcon.colcon_core.plugin_system:Skipping extension 'colcon_core.shell.bat': Not used on non-Windows systems
[1.340s] INFO:colcon.colcon_core.shell:Skip shell extension 'powershell' for command environment: Not usable outside of PowerShell
[1.340s] DEBUG:colcon.colcon_core.shell:Skip shell extension 'dsv' for command environment
[1.383s] DEBUG:colcon.colcon_core.event_handler.log_command:Invoking command in '/root/li_battery_ws/build/li_battery_diagnostic_module': CMAKE_PREFIX_PATH=${CMAKE_PREFIX_PATH}:/opt/ros/humble /usr/bin/cmake --build /root/li_battery_ws/build/li_battery_diagnostic_module -- -j8 -l8
[1.522s] DEBUG:colcon.colcon_core.event_handler.log_command:Invoked command in '/root/li_battery_ws/build/li_battery_diagnostic_module' returned '0': CMAKE_PREFIX_PATH=${CMAKE_PREFIX_PATH}:/opt/ros/humble /usr/bin/cmake --build /root/li_battery_ws/build/li_battery_diagnostic_module -- -j8 -l8
[1.574s] DEBUG:colcon.colcon_core.event_handler.log_command:Invoking command in '/root/li_battery_ws/build/li_battery_diagnostic_module': CMAKE_PREFIX_PATH=${CMAKE_PREFIX_PATH}:/opt/ros/humble /usr/bin/cmake --install /root/li_battery_ws/build/li_battery_diagnostic_module
[1.615s] Level 1:colcon.colcon_core.environment:create_environment_scripts_only(li_battery_diagnostic_module)
[1.616s] DEBUG:colcon.colcon_core.event_handler.log_command:Invoked command in '/root/li_battery_ws/build/li_battery_diagnostic_module' returned '0': CMAKE_PREFIX_PATH=${CMAKE_PREFIX_PATH}:/opt/ros/humble /usr/bin/cmake --install /root/li_battery_ws/build/li_battery_diagnostic_module
[1.652s] Level 1:colcon.colcon_core.environment:checking '/root/li_battery_ws/install/li_battery_diagnostic_module' for CMake module files
[1.653s] Level 1:colcon.colcon_core.environment:checking '/root/li_battery_ws/install/li_battery_diagnostic_module' for CMake config files
[1.654s] Level 1:colcon.colcon_core.shell:create_environment_hook('li_battery_diagnostic_module', 'cmake_prefix_path')
[1.667s] INFO:colcon.colcon_core.shell:Creating environment hook '/root/li_battery_ws/install/li_battery_diagnostic_module/share/li_battery_diagnostic_module/hook/cmake_prefix_path.ps1'
[1.668s] INFO:colcon.colcon_core.shell:Creating environment descriptor '/root/li_battery_ws/install/li_battery_diagnostic_module/share/li_battery_diagnostic_module/hook/cmake_prefix_path.dsv'
[1.669s] INFO:colcon.colcon_core.shell:Creating environment hook '/root/li_battery_ws/install/li_battery_diagnostic_module/share/li_battery_diagnostic_module/hook/cmake_prefix_path.sh'
[1.670s] Level 1:colcon.colcon_core.environment:checking '/root/li_battery_ws/install/li_battery_diagnostic_module/lib'
[1.670s] Level 1:colcon.colcon_core.environment:checking '/root/li_battery_ws/install/li_battery_diagnostic_module/bin'
[1.670s] Level 1:colcon.colcon_core.environment:checking '/root/li_battery_ws/install/li_battery_diagnostic_module/lib/pkgconfig/li_battery_diagnostic_module.pc'
[1.670s] Level 1:colcon.colcon_core.environment:checking '/root/li_battery_ws/install/li_battery_diagnostic_module/lib/python3.10/site-packages'
[1.670s] Level 1:colcon.colcon_core.environment:checking '/root/li_battery_ws/install/li_battery_diagnostic_module/bin'
[1.682s] INFO:colcon.colcon_core.shell:Creating package script '/root/li_battery_ws/install/li_battery_diagnostic_module/share/li_battery_diagnostic_module/package.ps1'
[1.683s] INFO:colcon.colcon_core.shell:Creating package descriptor '/root/li_battery_ws/install/li_battery_diagnostic_module/share/li_battery_diagnostic_module/package.dsv'
[1.683s] INFO:colcon.colcon_core.shell:Creating package script '/root/li_battery_ws/install/li_battery_diagnostic_module/share/li_battery_diagnostic_module/package.sh'
[1.684s] INFO:colcon.colcon_core.shell:Creating package script '/root/li_battery_ws/install/li_battery_diagnostic_module/share/li_battery_diagnostic_module/package.bash'
[1.685s] INFO:colcon.colcon_core.shell:Creating package script '/root/li_battery_ws/install/li_battery_diagnostic_module/share/li_battery_diagnostic_module/package.zsh'
[1.686s] Level 1:colcon.colcon_core.environment:create_file_with_runtime_dependencies(/root/li_battery_ws/install/li_battery_diagnostic_module/share/colcon-core/packages/li_battery_diagnostic_module)
[1.724s] Level 1:colcon.colcon_core.environment:create_environment_scripts_only(li_battery_diagnostic_module)
[1.736s] Level 1:colcon.colcon_core.environment:checking '/root/li_battery_ws/install/li_battery_diagnostic_module' for CMake module files
[1.737s] Level 1:colcon.colcon_core.environment:checking '/root/li_battery_ws/install/li_battery_diagnostic_module' for CMake config files
[1.737s] Level 1:colcon.colcon_core.shell:create_environment_hook('li_battery_diagnostic_module', 'cmake_prefix_path')
[1.750s] INFO:colcon.colcon_core.shell:Creating environment hook '/root/li_battery_ws/install/li_battery_diagnostic_module/share/li_battery_diagnostic_module/hook/cmake_prefix_path.ps1'
[1.750s] INFO:colcon.colcon_core.shell:Creating environment descriptor '/root/li_battery_ws/install/li_battery_diagnostic_module/share/li_battery_diagnostic_module/hook/cmake_prefix_path.dsv'
[1.750s] INFO:colcon.colcon_core.shell:Creating environment hook '/root/li_battery_ws/install/li_battery_diagnostic_module/share/li_battery_diagnostic_module/hook/cmake_prefix_path.sh'
[1.751s] Level 1:colcon.colcon_core.environment:checking '/root/li_battery_ws/install/li_battery_diagnostic_module/lib'
[1.751s] Level 1:colcon.colcon_core.environment:checking '/root/li_battery_ws/install/li_battery_diagnostic_module/bin'
[1.751s] Level 1:colcon.colcon_core.environment:checking '/root/li_battery_ws/install/li_battery_diagnostic_module/lib/pkgconfig/li_battery_diagnostic_module.pc'
[1.751s] Level 1:colcon.colcon_core.environment:checking '/root/li_battery_ws/install/li_battery_diagnostic_module/lib/python3.10/site-packages'
[1.751s] Level 1:colcon.colcon_core.environment:checking '/root/li_battery_ws/install/li_battery_diagnostic_module/bin'
[1.763s] INFO:colcon.colcon_core.shell:Creating package script '/root/li_battery_ws/install/li_battery_diagnostic_module/share/li_battery_diagnostic_module/package.ps1'
[1.764s] INFO:colcon.colcon_core.shell:Creating package descriptor '/root/li_battery_ws/install/li_battery_diagnostic_module/share/li_battery_diagnostic_module/package.dsv'
[1.764s] INFO:colcon.colcon_core.shell:Creating package script '/root/li_battery_ws/install/li_battery_diagnostic_module/share/li_battery_diagnostic_module/package.sh'
[1.764s] INFO:colcon.colcon_core.shell:Creating package script '/root/li_battery_ws/install/li_battery_diagnostic_module/share/li_battery_diagnostic_module/package.bash'
[1.765s] INFO:colcon.colcon_core.shell:Creating package script '/root/li_battery_ws/install/li_battery_diagnostic_module/share/li_battery_diagnostic_module/package.zsh'
[1.765s] Level 1:colcon.colcon_core.environment:create_file_with_runtime_dependencies(/root/li_battery_ws/install/li_battery_diagnostic_module/share/colcon-core/packages/li_battery_diagnostic_module)
[1.765s] DEBUG:colcon.colcon_parallel_executor.executor.parallel:closing loop
[1.766s] DEBUG:colcon.colcon_parallel_executor.executor.parallel:loop closed
[1.766s] DEBUG:colcon.colcon_parallel_executor.executor.parallel:run_until_complete finished with '0'
[1.766s] DEBUG:colcon.colcon_core.event_reactor:joining thread
[1.787s] INFO:colcon.colcon_core.plugin_system:Skipping extension 'colcon_notification.desktop_notification.notify_send': Could not find 'notify-send'
[1.787s] INFO:colcon.colcon_core.plugin_system:Skipping extension 'colcon_notification.desktop_notification.terminal_notifier': Not used on non-Darwin systems
[1.787s] INFO:colcon.colcon_core.plugin_system:Skipping extension 'colcon_notification.desktop_notification.win32': Not used on non-Windows systems
[1.787s] INFO:colcon.colcon_notification.desktop_notification:Sending desktop notification using 'notify2'
[1.788s] DEBUG:colcon.colcon_notification.desktop_notification.notify2:Failed to initialize notify2: org.freedesktop.DBus.Error.NotSupported: Unable to autolaunch a dbus-daemon without a $DISPLAY for X11
[1.788s] DEBUG:colcon.colcon_core.event_reactor:joined thread
[1.800s] INFO:colcon.colcon_core.shell:Creating prefix script '/root/li_battery_ws/install/local_setup.ps1'
[1.801s] INFO:colcon.colcon_core.shell:Creating prefix util module '/root/li_battery_ws/install/_local_setup_util_ps1.py'
[1.802s] INFO:colcon.colcon_core.shell:Creating prefix chain script '/root/li_battery_ws/install/setup.ps1'
[1.815s] INFO:colcon.colcon_core.shell:Creating prefix script '/root/li_battery_ws/install/local_setup.sh'
[1.815s] INFO:colcon.colcon_core.shell:Creating prefix util module '/root/li_battery_ws/install/_local_setup_util_sh.py'
[1.816s] INFO:colcon.colcon_core.shell:Creating prefix chain script '/root/li_battery_ws/install/setup.sh'
[1.828s] INFO:colcon.colcon_core.shell:Creating prefix script '/root/li_battery_ws/install/local_setup.bash'
[1.829s] INFO:colcon.colcon_core.shell:Creating prefix chain script '/root/li_battery_ws/install/setup.bash'
[1.841s] INFO:colcon.colcon_core.shell:Creating prefix script '/root/li_battery_ws/install/local_setup.zsh'
[1.842s] INFO:colcon.colcon_core.shell:Creating prefix chain script '/root/li_battery_ws/install/setup.zsh'
