[0.056s] Invoking command in '/root/li_battery_ws/build/li_battery_diagnostic_module': CMAKE_PREFIX_PATH=${CMAKE_PREFIX_PATH}:/opt/ros/humble /usr/bin/cmake --build /root/li_battery_ws/build/li_battery_diagnostic_module -- -j8 -l8
[0.102s] [ 66%] Built target li_battery_diagnostic_module
[0.124s] [100%] Built target battery_diagnostic_node
[0.132s] Invoked command in '/root/li_battery_ws/build/li_battery_diagnostic_module' returned '0': CMAKE_PREFIX_PATH=${CMAKE_PREFIX_PATH}:/opt/ros/humble /usr/bin/cmake --build /root/li_battery_ws/build/li_battery_diagnostic_module -- -j8 -l8
[0.167s] Invoking command in '/root/li_battery_ws/build/li_battery_diagnostic_module': CMAKE_PREFIX_PATH=${CMAKE_PREFIX_PATH}:/opt/ros/humble /usr/bin/cmake --install /root/li_battery_ws/build/li_battery_diagnostic_module
[0.172s] -- Install configuration: ""
[0.172s] -- Execute custom install script
[0.173s] -- Up-to-date symlink: /root/li_battery_ws/install/li_battery_diagnostic_module/lib/li_battery_diagnostic_module/battery_diagnostic_node
[0.173s] -- Up-to-date symlink: /root/li_battery_ws/install/li_battery_diagnostic_module/share/li_battery_diagnostic_module/launch/battery_diagnostic.launch.xml
[0.173s] -- Up-to-date symlink: /root/li_battery_ws/install/li_battery_diagnostic_module/share/li_battery_diagnostic_module/config/battery_diagnostic.param.yaml
[0.174s] -- Up-to-date symlink: /root/li_battery_ws/install/li_battery_diagnostic_module/share/ament_index/resource_index/package_run_dependencies/li_battery_diagnostic_module
[0.174s] -- Up-to-date symlink: /root/li_battery_ws/install/li_battery_diagnostic_module/share/ament_index/resource_index/parent_prefix_path/li_battery_diagnostic_module
[0.174s] -- Up-to-date symlink: /root/li_battery_ws/install/li_battery_diagnostic_module/share/li_battery_diagnostic_module/environment/ament_prefix_path.sh
[0.174s] -- Up-to-date symlink: /root/li_battery_ws/install/li_battery_diagnostic_module/share/li_battery_diagnostic_module/environment/ament_prefix_path.dsv
[0.174s] -- Up-to-date symlink: /root/li_battery_ws/install/li_battery_diagnostic_module/share/li_battery_diagnostic_module/environment/path.sh
[0.175s] -- Up-to-date symlink: /root/li_battery_ws/install/li_battery_diagnostic_module/share/li_battery_diagnostic_module/environment/path.dsv
[0.175s] -- Up-to-date symlink: /root/li_battery_ws/install/li_battery_diagnostic_module/share/li_battery_diagnostic_module/local_setup.bash
[0.175s] -- Up-to-date symlink: /root/li_battery_ws/install/li_battery_diagnostic_module/share/li_battery_diagnostic_module/local_setup.sh
[0.175s] -- Up-to-date symlink: /root/li_battery_ws/install/li_battery_diagnostic_module/share/li_battery_diagnostic_module/local_setup.zsh
[0.175s] -- Up-to-date symlink: /root/li_battery_ws/install/li_battery_diagnostic_module/share/li_battery_diagnostic_module/local_setup.dsv
[0.175s] -- Symlinking: /root/li_battery_ws/install/li_battery_diagnostic_module/share/li_battery_diagnostic_module/package.dsv
[0.182s] -- Up-to-date symlink: /root/li_battery_ws/install/li_battery_diagnostic_module/share/ament_index/resource_index/packages/li_battery_diagnostic_module
[0.182s] -- Up-to-date symlink: /root/li_battery_ws/install/li_battery_diagnostic_module/share/li_battery_diagnostic_module/cmake/li_battery_diagnostic_moduleConfig.cmake
[0.182s] -- Up-to-date symlink: /root/li_battery_ws/install/li_battery_diagnostic_module/share/li_battery_diagnostic_module/cmake/li_battery_diagnostic_moduleConfig-version.cmake
[0.182s] -- Up-to-date symlink: /root/li_battery_ws/install/li_battery_diagnostic_module/share/li_battery_diagnostic_module/package.xml
[0.184s] Invoked command in '/root/li_battery_ws/build/li_battery_diagnostic_module' returned '0': CMAKE_PREFIX_PATH=${CMAKE_PREFIX_PATH}:/opt/ros/humble /usr/bin/cmake --install /root/li_battery_ws/build/li_battery_diagnostic_module
