[0.044s] Invoking command in '/root/li_battery_ws/build/li_battery_diagnostic_module': CMAKE_PREFIX_PATH=/opt/ros/humble /usr/bin/cmake --build /root/li_battery_ws/build/li_battery_diagnostic_module -- -j8 -l8
[0.078s] [35m[1mConsolidate compiler generated dependencies of target li_battery_diagnostic_module[0m
[0.095s] [ 66%] Built target li_battery_diagnostic_module
[0.105s] [35m[1mConsolidate compiler generated dependencies of target battery_diagnostic_node[0m
[0.121s] [100%] Built target battery_diagnostic_node
[0.129s] Invoked command in '/root/li_battery_ws/build/li_battery_diagnostic_module' returned '0': CMAKE_PREFIX_PATH=/opt/ros/humble /usr/bin/cmake --build /root/li_battery_ws/build/li_battery_diagnostic_module -- -j8 -l8
[0.167s] Invoking command in '/root/li_battery_ws/build/li_battery_diagnostic_module': CMAKE_PREFIX_PATH=/opt/ros/humble /usr/bin/cmake --install /root/li_battery_ws/build/li_battery_diagnostic_module
[0.173s] -- Install configuration: ""
[0.173s] -- Execute custom install script
[0.174s] -- Up-to-date symlink: /root/li_battery_ws/install/li_battery_diagnostic_module/lib/li_battery_diagnostic_module/battery_diagnostic_node
[0.174s] -- Up-to-date symlink: /root/li_battery_ws/install/li_battery_diagnostic_module/share/li_battery_diagnostic_module/launch/battery_diagnostic.launch.xml
[0.175s] -- Up-to-date symlink: /root/li_battery_ws/install/li_battery_diagnostic_module/share/li_battery_diagnostic_module/config/battery_diagnostic.param.yaml
[0.175s] -- Up-to-date symlink: /root/li_battery_ws/install/li_battery_diagnostic_module/share/ament_index/resource_index/package_run_dependencies/li_battery_diagnostic_module
[0.175s] -- Up-to-date symlink: /root/li_battery_ws/install/li_battery_diagnostic_module/share/ament_index/resource_index/parent_prefix_path/li_battery_diagnostic_module
[0.175s] -- Up-to-date symlink: /root/li_battery_ws/install/li_battery_diagnostic_module/share/li_battery_diagnostic_module/environment/ament_prefix_path.sh
[0.175s] -- Up-to-date symlink: /root/li_battery_ws/install/li_battery_diagnostic_module/share/li_battery_diagnostic_module/environment/ament_prefix_path.dsv
[0.176s] -- Up-to-date symlink: /root/li_battery_ws/install/li_battery_diagnostic_module/share/li_battery_diagnostic_module/environment/path.sh
[0.176s] -- Up-to-date symlink: /root/li_battery_ws/install/li_battery_diagnostic_module/share/li_battery_diagnostic_module/environment/path.dsv
[0.176s] -- Up-to-date symlink: /root/li_battery_ws/install/li_battery_diagnostic_module/share/li_battery_diagnostic_module/local_setup.bash
[0.176s] -- Up-to-date symlink: /root/li_battery_ws/install/li_battery_diagnostic_module/share/li_battery_diagnostic_module/local_setup.sh
[0.176s] -- Up-to-date symlink: /root/li_battery_ws/install/li_battery_diagnostic_module/share/li_battery_diagnostic_module/local_setup.zsh
[0.177s] -- Up-to-date symlink: /root/li_battery_ws/install/li_battery_diagnostic_module/share/li_battery_diagnostic_module/local_setup.dsv
[0.177s] -- Symlinking: /root/li_battery_ws/install/li_battery_diagnostic_module/share/li_battery_diagnostic_module/package.dsv
[0.184s] -- Up-to-date symlink: /root/li_battery_ws/install/li_battery_diagnostic_module/share/ament_index/resource_index/packages/li_battery_diagnostic_module
[0.185s] -- Up-to-date symlink: /root/li_battery_ws/install/li_battery_diagnostic_module/share/li_battery_diagnostic_module/cmake/li_battery_diagnostic_moduleConfig.cmake
[0.185s] -- Up-to-date symlink: /root/li_battery_ws/install/li_battery_diagnostic_module/share/li_battery_diagnostic_module/cmake/li_battery_diagnostic_moduleConfig-version.cmake
[0.185s] -- Up-to-date symlink: /root/li_battery_ws/install/li_battery_diagnostic_module/share/li_battery_diagnostic_module/package.xml
[0.187s] Invoked command in '/root/li_battery_ws/build/li_battery_diagnostic_module' returned '0': CMAKE_PREFIX_PATH=/opt/ros/humble /usr/bin/cmake --install /root/li_battery_ws/build/li_battery_diagnostic_module
