[0.057s] Invoking command in '/root/li_battery_ws/build/li_battery_diagnostic_module': CMAKE_PREFIX_PATH=${CMAKE_PREFIX_PATH}:/opt/ros/humble /usr/bin/cmake --build /root/li_battery_ws/build/li_battery_diagnostic_module -- -j8 -l8
[0.083s] -- Found ament_cmake: 1.3.6 (/opt/ros/humble/share/ament_cmake/cmake)
[0.204s] -- Override CMake install command with custom implementation using symlinks instead of copying resources
[0.219s] -- Found rclcpp: 16.0.7 (/opt/ros/humble/share/rclcpp/cmake)
[0.255s] -- Found rosidl_generator_c: 3.1.5 (/opt/ros/humble/share/rosidl_generator_c/cmake)
[0.258s] -- Found rosidl_adapter: 3.1.5 (/opt/ros/humble/share/rosidl_adapter/cmake)
[0.267s] -- Found rosidl_generator_cpp: 3.1.5 (/opt/ros/humble/share/rosidl_generator_cpp/cmake)
[0.282s] -- Using all available rosidl_typesupport_c: rosidl_typesupport_fastrtps_c;rosidl_typesupport_introspection_c
[0.301s] -- Using all available rosidl_typesupport_cpp: rosidl_typesupport_fastrtps_cpp;rosidl_typesupport_introspection_cpp
[0.368s] -- Found rmw_implementation_cmake: 6.1.1 (/opt/ros/humble/share/rmw_implementation_cmake/cmake)
[0.370s] -- Found rmw_fastrtps_cpp: 6.2.5 (/opt/ros/humble/share/rmw_fastrtps_cpp/cmake)
[0.495s] -- Using RMW implementation 'rmw_fastrtps_cpp' as default
[0.660s] -- Found sensor_msgs: 4.2.3 (/opt/ros/humble/share/sensor_msgs/cmake)
[0.846s] -- Configuring done
[0.860s] -- Generating done
[0.862s] -- Build files have been written to: /root/li_battery_ws/build/li_battery_diagnostic_module
[0.882s] [35m[1mConsolidate compiler generated dependencies of target li_battery_diagnostic_module[0m
[0.898s] [ 66%] Built target li_battery_diagnostic_module
[0.907s] [35m[1mConsolidate compiler generated dependencies of target battery_diagnostic_node[0m
[0.923s] [100%] Built target battery_diagnostic_node
[0.931s] Invoked command in '/root/li_battery_ws/build/li_battery_diagnostic_module' returned '0': CMAKE_PREFIX_PATH=${CMAKE_PREFIX_PATH}:/opt/ros/humble /usr/bin/cmake --build /root/li_battery_ws/build/li_battery_diagnostic_module -- -j8 -l8
[0.965s] Invoking command in '/root/li_battery_ws/build/li_battery_diagnostic_module': CMAKE_PREFIX_PATH=${CMAKE_PREFIX_PATH}:/opt/ros/humble /usr/bin/cmake --install /root/li_battery_ws/build/li_battery_diagnostic_module
[0.970s] -- Install configuration: ""
[0.971s] -- Execute custom install script
[0.971s] -- Up-to-date symlink: /root/li_battery_ws/install/li_battery_diagnostic_module/lib/li_battery_diagnostic_module/battery_diagnostic_node
[0.971s] -- Up-to-date symlink: /root/li_battery_ws/install/li_battery_diagnostic_module/share/li_battery_diagnostic_module/launch/battery_diagnostic.launch.xml
[0.972s] -- Up-to-date symlink: /root/li_battery_ws/install/li_battery_diagnostic_module/share/li_battery_diagnostic_module/config/battery_diagnostic.param.yaml
[0.972s] -- Up-to-date symlink: /root/li_battery_ws/install/li_battery_diagnostic_module/share/ament_index/resource_index/package_run_dependencies/li_battery_diagnostic_module
[0.972s] -- Up-to-date symlink: /root/li_battery_ws/install/li_battery_diagnostic_module/share/ament_index/resource_index/parent_prefix_path/li_battery_diagnostic_module
[0.972s] -- Up-to-date symlink: /root/li_battery_ws/install/li_battery_diagnostic_module/share/li_battery_diagnostic_module/environment/ament_prefix_path.sh
[0.973s] -- Up-to-date symlink: /root/li_battery_ws/install/li_battery_diagnostic_module/share/li_battery_diagnostic_module/environment/ament_prefix_path.dsv
[0.973s] -- Up-to-date symlink: /root/li_battery_ws/install/li_battery_diagnostic_module/share/li_battery_diagnostic_module/environment/path.sh
[0.973s] -- Up-to-date symlink: /root/li_battery_ws/install/li_battery_diagnostic_module/share/li_battery_diagnostic_module/environment/path.dsv
[0.973s] -- Up-to-date symlink: /root/li_battery_ws/install/li_battery_diagnostic_module/share/li_battery_diagnostic_module/local_setup.bash
[0.973s] -- Up-to-date symlink: /root/li_battery_ws/install/li_battery_diagnostic_module/share/li_battery_diagnostic_module/local_setup.sh
[0.973s] -- Up-to-date symlink: /root/li_battery_ws/install/li_battery_diagnostic_module/share/li_battery_diagnostic_module/local_setup.zsh
[0.974s] -- Up-to-date symlink: /root/li_battery_ws/install/li_battery_diagnostic_module/share/li_battery_diagnostic_module/local_setup.dsv
[0.974s] -- Symlinking: /root/li_battery_ws/install/li_battery_diagnostic_module/share/li_battery_diagnostic_module/package.dsv
[0.980s] -- Up-to-date symlink: /root/li_battery_ws/install/li_battery_diagnostic_module/share/ament_index/resource_index/packages/li_battery_diagnostic_module
[0.980s] -- Up-to-date symlink: /root/li_battery_ws/install/li_battery_diagnostic_module/share/li_battery_diagnostic_module/cmake/li_battery_diagnostic_moduleConfig.cmake
[0.980s] -- Up-to-date symlink: /root/li_battery_ws/install/li_battery_diagnostic_module/share/li_battery_diagnostic_module/cmake/li_battery_diagnostic_moduleConfig-version.cmake
[0.981s] -- Up-to-date symlink: /root/li_battery_ws/install/li_battery_diagnostic_module/share/li_battery_diagnostic_module/package.xml
[0.982s] Invoked command in '/root/li_battery_ws/build/li_battery_diagnostic_module' returned '0': CMAKE_PREFIX_PATH=${CMAKE_PREFIX_PATH}:/opt/ros/humble /usr/bin/cmake --install /root/li_battery_ws/build/li_battery_diagnostic_module
