[0.817s] DEBUG:colcon:Command line arguments: ['/usr/bin/colcon', 'build', '--symlink-install']
[0.817s] DEBUG:colcon:Parsed command line arguments: Namespace(log_base=None, log_level=None, verb_name='build', build_base='build', install_base='install', merge_install=False, symlink_install=True, test_result_base=None, continue_on_error=False, executor='parallel', parallel_workers=8, event_handlers=None, ignore_user_meta=False, metas=['./colcon.meta'], base_paths=['.'], packages_ignore=None, packages_ignore_regex=None, paths=None, packages_up_to=None, packages_up_to_regex=None, packages_above=None, packages_above_and_dependencies=None, packages_above_depth=None, packages_select_by_dep=None, packages_skip_by_dep=None, packages_skip_up_to=None, packages_select_build_failed=False, packages_skip_build_finished=False, packages_select_test_failures=False, packages_skip_test_passed=False, packages_select=None, packages_skip=None, packages_select_regex=None, packages_skip_regex=None, packages_start=None, packages_end=None, allow_overriding=[], cmake_args=None, cmake_target=None, cmake_target_skip_unavailable=False, cmake_clean_cache=False, cmake_clean_first=False, cmake_force_configure=False, ament_cmake_args=None, catkin_cmake_args=None, catkin_skip_building_tests=False, verb_parser=<colcon_defaults.argument_parser.defaults.DefaultArgumentsDecorator object at 0x7f0ea5cfd270>, verb_extension=<colcon_core.verb.build.BuildVerb object at 0x7f0ea5fbeda0>, main=<bound method BuildVerb.main of <colcon_core.verb.build.BuildVerb object at 0x7f0ea5fbeda0>>)
[0.857s] Level 1:colcon.colcon_core.package_discovery:discover_packages(colcon_meta) check parameters
[0.857s] Level 1:colcon.colcon_core.package_discovery:discover_packages(recursive) check parameters
[0.857s] Level 1:colcon.colcon_core.package_discovery:discover_packages(ignore) check parameters
[0.857s] Level 1:colcon.colcon_core.package_discovery:discover_packages(path) check parameters
[0.857s] Level 1:colcon.colcon_core.package_discovery:discover_packages(colcon_meta) discover
[0.857s] Level 1:colcon.colcon_core.package_discovery:discover_packages(recursive) discover
[0.857s] INFO:colcon.colcon_core.package_discovery:Crawling recursively for packages in '/root/li_battery_ws'
[0.857s] Level 1:colcon.colcon_core.package_identification:_identify(.) by extensions ['ignore', 'ignore_ament_install']
[0.857s] Level 1:colcon.colcon_core.package_identification:_identify(.) by extension 'ignore'
[0.857s] Level 1:colcon.colcon_core.package_identification:_identify(.) by extension 'ignore_ament_install'
[0.857s] Level 1:colcon.colcon_core.package_identification:_identify(.) by extensions ['colcon_pkg']
[0.857s] Level 1:colcon.colcon_core.package_identification:_identify(.) by extension 'colcon_pkg'
[0.857s] Level 1:colcon.colcon_core.package_identification:_identify(.) by extensions ['colcon_meta']
[0.857s] Level 1:colcon.colcon_core.package_identification:_identify(.) by extension 'colcon_meta'
[0.857s] Level 1:colcon.colcon_core.package_identification:_identify(.) by extensions ['ros']
[0.858s] Level 1:colcon.colcon_core.package_identification:_identify(.) by extension 'ros'
[0.867s] Level 1:colcon.colcon_core.package_identification:_identify(.) by extensions ['cmake', 'python']
[0.867s] Level 1:colcon.colcon_core.package_identification:_identify(.) by extension 'cmake'
[0.867s] Level 1:colcon.colcon_core.package_identification:_identify(.) by extension 'python'
[0.867s] Level 1:colcon.colcon_core.package_identification:_identify(.) by extensions ['python_setup_py']
[0.867s] Level 1:colcon.colcon_core.package_identification:_identify(.) by extension 'python_setup_py'
[0.867s] Level 1:colcon.colcon_core.package_identification:_identify(build) by extensions ['ignore', 'ignore_ament_install']
[0.867s] Level 1:colcon.colcon_core.package_identification:_identify(build) by extension 'ignore'
[0.867s] Level 1:colcon.colcon_core.package_identification:_identify(build) ignored
[0.867s] Level 1:colcon.colcon_core.package_identification:_identify(install) by extensions ['ignore', 'ignore_ament_install']
[0.868s] Level 1:colcon.colcon_core.package_identification:_identify(install) by extension 'ignore'
[0.868s] Level 1:colcon.colcon_core.package_identification:_identify(install) ignored
[0.868s] Level 1:colcon.colcon_core.package_identification:_identify(log) by extensions ['ignore', 'ignore_ament_install']
[0.868s] Level 1:colcon.colcon_core.package_identification:_identify(log) by extension 'ignore'
[0.868s] Level 1:colcon.colcon_core.package_identification:_identify(log) ignored
[0.868s] Level 1:colcon.colcon_core.package_identification:_identify(src) by extensions ['ignore', 'ignore_ament_install']
[0.868s] Level 1:colcon.colcon_core.package_identification:_identify(src) by extension 'ignore'
[0.868s] Level 1:colcon.colcon_core.package_identification:_identify(src) by extension 'ignore_ament_install'
[0.868s] Level 1:colcon.colcon_core.package_identification:_identify(src) by extensions ['colcon_pkg']
[0.868s] Level 1:colcon.colcon_core.package_identification:_identify(src) by extension 'colcon_pkg'
[0.868s] Level 1:colcon.colcon_core.package_identification:_identify(src) by extensions ['colcon_meta']
[0.868s] Level 1:colcon.colcon_core.package_identification:_identify(src) by extension 'colcon_meta'
[0.868s] Level 1:colcon.colcon_core.package_identification:_identify(src) by extensions ['ros']
[0.868s] Level 1:colcon.colcon_core.package_identification:_identify(src) by extension 'ros'
[0.868s] Level 1:colcon.colcon_core.package_identification:_identify(src) by extensions ['cmake', 'python']
[0.868s] Level 1:colcon.colcon_core.package_identification:_identify(src) by extension 'cmake'
[0.868s] Level 1:colcon.colcon_core.package_identification:_identify(src) by extension 'python'
[0.868s] Level 1:colcon.colcon_core.package_identification:_identify(src) by extensions ['python_setup_py']
[0.868s] Level 1:colcon.colcon_core.package_identification:_identify(src) by extension 'python_setup_py'
[0.869s] Level 1:colcon.colcon_core.package_identification:_identify(src/Li_Battery_Diagnostic_Module) by extensions ['ignore', 'ignore_ament_install']
[0.869s] Level 1:colcon.colcon_core.package_identification:_identify(src/Li_Battery_Diagnostic_Module) by extension 'ignore'
[0.869s] Level 1:colcon.colcon_core.package_identification:_identify(src/Li_Battery_Diagnostic_Module) by extension 'ignore_ament_install'
[0.869s] Level 1:colcon.colcon_core.package_identification:_identify(src/Li_Battery_Diagnostic_Module) by extensions ['colcon_pkg']
[0.869s] Level 1:colcon.colcon_core.package_identification:_identify(src/Li_Battery_Diagnostic_Module) by extension 'colcon_pkg'
[0.869s] Level 1:colcon.colcon_core.package_identification:_identify(src/Li_Battery_Diagnostic_Module) by extensions ['colcon_meta']
[0.869s] Level 1:colcon.colcon_core.package_identification:_identify(src/Li_Battery_Diagnostic_Module) by extension 'colcon_meta'
[0.869s] Level 1:colcon.colcon_core.package_identification:_identify(src/Li_Battery_Diagnostic_Module) by extensions ['ros']
[0.869s] Level 1:colcon.colcon_core.package_identification:_identify(src/Li_Battery_Diagnostic_Module) by extension 'ros'
[0.871s] DEBUG:colcon.colcon_core.package_identification:Package 'src/Li_Battery_Diagnostic_Module' with type 'ros.ament_cmake' and name 'li_battery_diagnostic_module'
[0.871s] Level 1:colcon.colcon_core.package_discovery:discover_packages(recursive) using defaults
[0.871s] Level 1:colcon.colcon_core.package_discovery:discover_packages(ignore) discover
[0.871s] Level 1:colcon.colcon_core.package_discovery:discover_packages(ignore) using defaults
[0.871s] Level 1:colcon.colcon_core.package_discovery:discover_packages(path) discover
[0.871s] Level 1:colcon.colcon_core.package_discovery:discover_packages(path) using defaults
[0.946s] Level 1:colcon.colcon_core.package_discovery:discover_packages(prefix_path) check parameters
[0.946s] Level 1:colcon.colcon_core.package_discovery:discover_packages(prefix_path) discover
[0.973s] DEBUG:colcon.colcon_installed_package_information.package_discovery:Found 1 installed packages in /root/li_battery_ws/install
[0.987s] DEBUG:colcon.colcon_installed_package_information.package_discovery:Found 270 installed packages in /opt/ros/humble
[0.988s] Level 1:colcon.colcon_core.package_discovery:discover_packages(prefix_path) using defaults
[1.068s] Level 5:colcon.colcon_core.verb:set package 'li_battery_diagnostic_module' build argument 'cmake_args' from command line to 'None'
[1.068s] Level 5:colcon.colcon_core.verb:set package 'li_battery_diagnostic_module' build argument 'cmake_target' from command line to 'None'
[1.068s] Level 5:colcon.colcon_core.verb:set package 'li_battery_diagnostic_module' build argument 'cmake_target_skip_unavailable' from command line to 'False'
[1.068s] Level 5:colcon.colcon_core.verb:set package 'li_battery_diagnostic_module' build argument 'cmake_clean_cache' from command line to 'False'
[1.068s] Level 5:colcon.colcon_core.verb:set package 'li_battery_diagnostic_module' build argument 'cmake_clean_first' from command line to 'False'
[1.068s] Level 5:colcon.colcon_core.verb:set package 'li_battery_diagnostic_module' build argument 'cmake_force_configure' from command line to 'False'
[1.068s] Level 5:colcon.colcon_core.verb:set package 'li_battery_diagnostic_module' build argument 'ament_cmake_args' from command line to 'None'
[1.068s] Level 5:colcon.colcon_core.verb:set package 'li_battery_diagnostic_module' build argument 'catkin_cmake_args' from command line to 'None'
[1.068s] Level 5:colcon.colcon_core.verb:set package 'li_battery_diagnostic_module' build argument 'catkin_skip_building_tests' from command line to 'False'
[1.068s] DEBUG:colcon.colcon_core.verb:Building package 'li_battery_diagnostic_module' with the following arguments: {'ament_cmake_args': None, 'build_base': '/root/li_battery_ws/build/li_battery_diagnostic_module', 'catkin_cmake_args': None, 'catkin_skip_building_tests': False, 'cmake_args': None, 'cmake_clean_cache': False, 'cmake_clean_first': False, 'cmake_force_configure': False, 'cmake_target': None, 'cmake_target_skip_unavailable': False, 'install_base': '/root/li_battery_ws/install/li_battery_diagnostic_module', 'merge_install': False, 'path': '/root/li_battery_ws/src/Li_Battery_Diagnostic_Module', 'symlink_install': True, 'test_result_base': None}
[1.080s] INFO:colcon.colcon_core.executor:Executing jobs using 'parallel' executor
[1.092s] DEBUG:colcon.colcon_parallel_executor.executor.parallel:run_until_complete
[1.092s] INFO:colcon.colcon_ros.task.ament_cmake.build:Building ROS package in '/root/li_battery_ws/src/Li_Battery_Diagnostic_Module' with build type 'ament_cmake'
[1.092s] INFO:colcon.colcon_cmake.task.cmake.build:Building CMake package in '/root/li_battery_ws/src/Li_Battery_Diagnostic_Module'
[1.106s] INFO:colcon.colcon_core.plugin_system:Skipping extension 'colcon_core.shell.bat': Not used on non-Windows systems
[1.106s] INFO:colcon.colcon_core.shell:Skip shell extension 'powershell' for command environment: Not usable outside of PowerShell
[1.107s] DEBUG:colcon.colcon_core.shell:Skip shell extension 'dsv' for command environment
[1.149s] DEBUG:colcon.colcon_core.event_handler.log_command:Invoking command in '/root/li_battery_ws/build/li_battery_diagnostic_module': CMAKE_PREFIX_PATH=${CMAKE_PREFIX_PATH}:/opt/ros/humble /usr/bin/cmake --build /root/li_battery_ws/build/li_battery_diagnostic_module -- -j8 -l8
[1.929s] DEBUG:colcon.colcon_core.event_handler.log_command:Invoked command in '/root/li_battery_ws/build/li_battery_diagnostic_module' returned '0': CMAKE_PREFIX_PATH=${CMAKE_PREFIX_PATH}:/opt/ros/humble /usr/bin/cmake --build /root/li_battery_ws/build/li_battery_diagnostic_module -- -j8 -l8
[1.964s] DEBUG:colcon.colcon_core.event_handler.log_command:Invoking command in '/root/li_battery_ws/build/li_battery_diagnostic_module': CMAKE_PREFIX_PATH=${CMAKE_PREFIX_PATH}:/opt/ros/humble /usr/bin/cmake --install /root/li_battery_ws/build/li_battery_diagnostic_module
[1.983s] Level 1:colcon.colcon_core.environment:create_environment_scripts_only(li_battery_diagnostic_module)
[1.983s] DEBUG:colcon.colcon_core.event_handler.log_command:Invoked command in '/root/li_battery_ws/build/li_battery_diagnostic_module' returned '0': CMAKE_PREFIX_PATH=${CMAKE_PREFIX_PATH}:/opt/ros/humble /usr/bin/cmake --install /root/li_battery_ws/build/li_battery_diagnostic_module
[2.000s] Level 1:colcon.colcon_core.environment:checking '/root/li_battery_ws/install/li_battery_diagnostic_module' for CMake module files
[2.001s] Level 1:colcon.colcon_core.environment:checking '/root/li_battery_ws/install/li_battery_diagnostic_module' for CMake config files
[2.002s] Level 1:colcon.colcon_core.shell:create_environment_hook('li_battery_diagnostic_module', 'cmake_prefix_path')
[2.015s] INFO:colcon.colcon_core.shell:Creating environment hook '/root/li_battery_ws/install/li_battery_diagnostic_module/share/li_battery_diagnostic_module/hook/cmake_prefix_path.ps1'
[2.016s] INFO:colcon.colcon_core.shell:Creating environment descriptor '/root/li_battery_ws/install/li_battery_diagnostic_module/share/li_battery_diagnostic_module/hook/cmake_prefix_path.dsv'
[2.016s] INFO:colcon.colcon_core.shell:Creating environment hook '/root/li_battery_ws/install/li_battery_diagnostic_module/share/li_battery_diagnostic_module/hook/cmake_prefix_path.sh'
[2.017s] Level 1:colcon.colcon_core.environment:checking '/root/li_battery_ws/install/li_battery_diagnostic_module/lib'
[2.017s] Level 1:colcon.colcon_core.environment:checking '/root/li_battery_ws/install/li_battery_diagnostic_module/bin'
[2.017s] Level 1:colcon.colcon_core.environment:checking '/root/li_battery_ws/install/li_battery_diagnostic_module/lib/pkgconfig/li_battery_diagnostic_module.pc'
[2.017s] Level 1:colcon.colcon_core.environment:checking '/root/li_battery_ws/install/li_battery_diagnostic_module/lib/python3.10/site-packages'
[2.018s] Level 1:colcon.colcon_core.environment:checking '/root/li_battery_ws/install/li_battery_diagnostic_module/bin'
[2.029s] INFO:colcon.colcon_core.shell:Creating package script '/root/li_battery_ws/install/li_battery_diagnostic_module/share/li_battery_diagnostic_module/package.ps1'
[2.030s] INFO:colcon.colcon_core.shell:Creating package descriptor '/root/li_battery_ws/install/li_battery_diagnostic_module/share/li_battery_diagnostic_module/package.dsv'
[2.030s] INFO:colcon.colcon_core.shell:Creating package script '/root/li_battery_ws/install/li_battery_diagnostic_module/share/li_battery_diagnostic_module/package.sh'
[2.031s] INFO:colcon.colcon_core.shell:Creating package script '/root/li_battery_ws/install/li_battery_diagnostic_module/share/li_battery_diagnostic_module/package.bash'
[2.031s] INFO:colcon.colcon_core.shell:Creating package script '/root/li_battery_ws/install/li_battery_diagnostic_module/share/li_battery_diagnostic_module/package.zsh'
[2.032s] Level 1:colcon.colcon_core.environment:create_file_with_runtime_dependencies(/root/li_battery_ws/install/li_battery_diagnostic_module/share/colcon-core/packages/li_battery_diagnostic_module)
[2.069s] Level 1:colcon.colcon_core.environment:create_environment_scripts_only(li_battery_diagnostic_module)
[2.081s] Level 1:colcon.colcon_core.environment:checking '/root/li_battery_ws/install/li_battery_diagnostic_module' for CMake module files
[2.081s] Level 1:colcon.colcon_core.environment:checking '/root/li_battery_ws/install/li_battery_diagnostic_module' for CMake config files
[2.082s] Level 1:colcon.colcon_core.shell:create_environment_hook('li_battery_diagnostic_module', 'cmake_prefix_path')
[2.093s] INFO:colcon.colcon_core.shell:Creating environment hook '/root/li_battery_ws/install/li_battery_diagnostic_module/share/li_battery_diagnostic_module/hook/cmake_prefix_path.ps1'
[2.094s] INFO:colcon.colcon_core.shell:Creating environment descriptor '/root/li_battery_ws/install/li_battery_diagnostic_module/share/li_battery_diagnostic_module/hook/cmake_prefix_path.dsv'
[2.094s] INFO:colcon.colcon_core.shell:Creating environment hook '/root/li_battery_ws/install/li_battery_diagnostic_module/share/li_battery_diagnostic_module/hook/cmake_prefix_path.sh'
[2.095s] Level 1:colcon.colcon_core.environment:checking '/root/li_battery_ws/install/li_battery_diagnostic_module/lib'
[2.095s] Level 1:colcon.colcon_core.environment:checking '/root/li_battery_ws/install/li_battery_diagnostic_module/bin'
[2.095s] Level 1:colcon.colcon_core.environment:checking '/root/li_battery_ws/install/li_battery_diagnostic_module/lib/pkgconfig/li_battery_diagnostic_module.pc'
[2.095s] Level 1:colcon.colcon_core.environment:checking '/root/li_battery_ws/install/li_battery_diagnostic_module/lib/python3.10/site-packages'
[2.095s] Level 1:colcon.colcon_core.environment:checking '/root/li_battery_ws/install/li_battery_diagnostic_module/bin'
[2.107s] INFO:colcon.colcon_core.shell:Creating package script '/root/li_battery_ws/install/li_battery_diagnostic_module/share/li_battery_diagnostic_module/package.ps1'
[2.108s] INFO:colcon.colcon_core.shell:Creating package descriptor '/root/li_battery_ws/install/li_battery_diagnostic_module/share/li_battery_diagnostic_module/package.dsv'
[2.108s] INFO:colcon.colcon_core.shell:Creating package script '/root/li_battery_ws/install/li_battery_diagnostic_module/share/li_battery_diagnostic_module/package.sh'
[2.108s] INFO:colcon.colcon_core.shell:Creating package script '/root/li_battery_ws/install/li_battery_diagnostic_module/share/li_battery_diagnostic_module/package.bash'
[2.109s] INFO:colcon.colcon_core.shell:Creating package script '/root/li_battery_ws/install/li_battery_diagnostic_module/share/li_battery_diagnostic_module/package.zsh'
[2.109s] Level 1:colcon.colcon_core.environment:create_file_with_runtime_dependencies(/root/li_battery_ws/install/li_battery_diagnostic_module/share/colcon-core/packages/li_battery_diagnostic_module)
[2.109s] DEBUG:colcon.colcon_parallel_executor.executor.parallel:closing loop
[2.110s] DEBUG:colcon.colcon_parallel_executor.executor.parallel:loop closed
[2.110s] DEBUG:colcon.colcon_parallel_executor.executor.parallel:run_until_complete finished with '0'
[2.110s] DEBUG:colcon.colcon_core.event_reactor:joining thread
[2.126s] INFO:colcon.colcon_core.plugin_system:Skipping extension 'colcon_notification.desktop_notification.notify_send': Could not find 'notify-send'
[2.126s] INFO:colcon.colcon_core.plugin_system:Skipping extension 'colcon_notification.desktop_notification.terminal_notifier': Not used on non-Darwin systems
[2.126s] INFO:colcon.colcon_core.plugin_system:Skipping extension 'colcon_notification.desktop_notification.win32': Not used on non-Windows systems
[2.126s] INFO:colcon.colcon_notification.desktop_notification:Sending desktop notification using 'notify2'
[2.126s] DEBUG:colcon.colcon_notification.desktop_notification.notify2:Failed to initialize notify2: org.freedesktop.DBus.Error.NotSupported: Unable to autolaunch a dbus-daemon without a $DISPLAY for X11
[2.126s] DEBUG:colcon.colcon_core.event_reactor:joined thread
[2.139s] INFO:colcon.colcon_core.shell:Creating prefix script '/root/li_battery_ws/install/local_setup.ps1'
[2.139s] INFO:colcon.colcon_core.shell:Creating prefix util module '/root/li_battery_ws/install/_local_setup_util_ps1.py'
[2.140s] INFO:colcon.colcon_core.shell:Creating prefix chain script '/root/li_battery_ws/install/setup.ps1'
[2.153s] INFO:colcon.colcon_core.shell:Creating prefix script '/root/li_battery_ws/install/local_setup.sh'
[2.153s] INFO:colcon.colcon_core.shell:Creating prefix util module '/root/li_battery_ws/install/_local_setup_util_sh.py'
[2.153s] INFO:colcon.colcon_core.shell:Creating prefix chain script '/root/li_battery_ws/install/setup.sh'
[2.165s] INFO:colcon.colcon_core.shell:Creating prefix script '/root/li_battery_ws/install/local_setup.bash'
[2.166s] INFO:colcon.colcon_core.shell:Creating prefix chain script '/root/li_battery_ws/install/setup.bash'
[2.178s] INFO:colcon.colcon_core.shell:Creating prefix script '/root/li_battery_ws/install/local_setup.zsh'
[2.178s] INFO:colcon.colcon_core.shell:Creating prefix chain script '/root/li_battery_ws/install/setup.zsh'
